<?xml version="1.0" encoding="UTF-8"?>
<!-- Generated by org.testng.reporters.JUnitXMLReporter -->
<testsuite hostname="DESKTOP-OUBE3OH" failures="0" tests="1" name="Test" time="0.06" errors="0" timestamp="16 Jan 2024 17:17:23 GMT">
  <testcase classname="org.testing.TestScripts.Final_TC1" name="@BeforeClass browser_launch" time="0.0">
    <failure type="java.io.FileNotFoundException" message="..\YouTube_Framework_Development\ObjectRepo.properties (The system cannot find the path specified)">
      <![CDATA[java.io.FileNotFoundException: ..\YouTube_Framework_Development\ObjectRepo.properties (The system cannot find the path specified)
	at java.base/java.io.FileInputStream.open0(Native Method)
	at java.base/java.io.FileInputStream.open(FileInputStream.java:216)
	at java.base/java.io.FileInputStream.<init>(FileInputStream.java:157)
	at java.base/java.io.FileReader.<init>(FileReader.java:75)
	at org.testing.Base.Base.browser_launch(Base.java:26)
... Removed 24 stack frames]]>
    </failure>
  </testcase> <!-- @BeforeClass browser_launch -->
  <testcase classname="org.testing.TestScripts.Final_TC1" name="@BeforeMethod TestCase_TC1_Login" time="0.0">
    <skipped/>
  </testcase> <!-- @BeforeMethod TestCase_TC1_Login -->
  <testcase classname="org.testing.TestScripts.Final_TC1" name="@AfterMethod TestCase_TC1_Logout" time="0.0">
    <skipped/>
  </testcase> <!-- @AfterMethod TestCase_TC1_Logout -->
  <testcase classname="org.testing.TestScripts.Final_TC1" name="@AfterClass browser_close" time="0.0">
    <skipped/>
  </testcase> <!-- @AfterClass browser_close -->
  <testcase classname="org.testing.TestScripts.Final_TC1" name="Trending_Click" time="0.001">
    <skipped/>
  </testcase> <!-- Trending_Click -->
</testsuite> <!-- Test -->
