<?xml version="1.0" encoding="UTF-8"?>
<testng-results total="1" passed="1" failed="0" skipped="0">
  <reporter-output>
  </reporter-output>
  <suite started-at="2024-01-16T17:36:03Z" name="Suite1" finished-at="2024-01-16T17:37:02Z" duration-ms="59515">
    <groups>
    </groups>
    <test started-at="2024-01-16T17:36:03Z" name="Command line test ea32a0a8-2f84-48fb-9ab1-55623380bfea" finished-at="2024-01-16T17:37:02Z" duration-ms="59515">
      <class name="org.testing.TestScripts.Test_TC1">
        <test-method is-config="true" signature="browser_launch()[pri:0, instance:org.testing.TestScripts.Test_TC1@5c18298f]" started-at="2024-01-16T09:36:03Z" name="browser_launch" finished-at="2024-01-16T09:36:15Z" duration-ms="12081" status="PASS">
          <reporter-output>
          </reporter-output>
        </test-method> <!-- browser_launch -->
        <test-method is-config="true" signature="TestCase_TC1_Login()[pri:0, instance:org.testing.TestScripts.Test_TC1@5c18298f]" started-at="2024-01-16T09:36:15Z" name="TestCase_TC1_Login" finished-at="2024-01-16T09:36:53Z" duration-ms="38570" status="PASS">
          <reporter-output>
          </reporter-output>
        </test-method> <!-- TestCase_TC1_Login -->
        <test-method signature="Trending_Click()[pri:1, instance:org.testing.TestScripts.Test_TC1@5c18298f]" started-at="2024-01-16T09:36:53Z" name="Trending_Click" finished-at="2024-01-16T09:36:54Z" duration-ms="255" status="PASS">
          <reporter-output>
          </reporter-output>
        </test-method> <!-- Trending_Click -->
        <test-method is-config="true" signature="TestCase_TC1_Logout()[pri:0, instance:org.testing.TestScripts.Test_TC1@5c18298f]" started-at="2024-01-16T09:36:54Z" name="TestCase_TC1_Logout" finished-at="2024-01-16T09:37:02Z" duration-ms="8177" status="PASS">
          <reporter-output>
          </reporter-output>
        </test-method> <!-- TestCase_TC1_Logout -->
        <test-method is-config="true" signature="browser_close()[pri:0, instance:org.testing.TestScripts.Test_TC1@5c18298f]" started-at="2024-01-16T09:37:02Z" name="browser_close" finished-at="2024-01-16T09:37:02Z" duration-ms="407" status="PASS">
          <reporter-output>
          </reporter-output>
        </test-method> <!-- browser_close -->
      </class> <!-- org.testing.TestScripts.Test_TC1 -->
    </test> <!-- Command line test ea32a0a8-2f84-48fb-9ab1-55623380bfea -->
  </suite> <!-- Suite1 -->
</testng-results>
